{"C:/Users/Emilia/Desktop/Avancera/Te/LAB3/frontend/src/App.tsx": {"path":"C:/Users/Emilia/Desktop/Avancera/Te/LAB3/frontend/src/App.tsx","statementMap":{},"fnMap":{},"branchMap":{},"s":{},"f":{},"b":{}}
,"C:/Users/Emilia/Desktop/Avancera/Te/LAB3/frontend/src/Router.tsx": {"path":"C:/Users/Emilia/Desktop/Avancera/Te/LAB3/frontend/src/Router.tsx","statementMap":{},"fnMap":{},"branchMap":{},"s":{},"f":{},"b":{}}
,"C:/Users/Emilia/Desktop/Avancera/Te/LAB3/frontend/src/main.tsx": {"path":"C:/Users/Emilia/Desktop/Avancera/Te/LAB3/frontend/src/main.tsx","statementMap":{},"fnMap":{},"branchMap":{},"s":{},"f":{},"b":{}}
,"C:/Users/Emilia/Desktop/Avancera/Te/LAB3/frontend/src/components/Actors.tsx": {"path":"C:/Users/Emilia/Desktop/Avancera/Te/LAB3/frontend/src/components/Actors.tsx","statementMap":{"0":{"start":{"line":1,"column":32},"end":{"line":1,"column":null}},"1":{"start":{"line":4,"column":18},"end":{"line":4,"column":null}},"2":{"start":{"line":5,"column":26},"end":{"line":5,"column":null}},"3":{"start":{"line":7,"column":16},"end":{"line":9,"column":null}},"4":{"start":{"line":8,"column":4},"end":{"line":8,"column":null}},"5":{"start":{"line":11,"column":2},"end":{"line":62,"column":null}},"6":{"start":{"line":64,"column":1},"end":{"line":4,"column":18}},"7":{"start":{"line":4,"column":15},"end":{"line":null,"column":-1}},"8":{"start":{"line":65,"column":21},"end":{"line":65,"column":null}}},"fnMap":{"0":{"name":"(anonymous_0)","decl":{"start":{"line":1,"column":32},"end":{"line":1,"column":null}},"loc":{"start":{"line":1,"column":32},"end":{"line":1,"column":null}}},"1":{"name":"Actors","decl":{"start":{"line":4,"column":9},"end":{"line":4,"column":15}},"loc":{"start":{"line":4,"column":18},"end":{"line":64,"column":1}}},"2":{"name":"(anonymous_2)","decl":{"start":{"line":7,"column":16},"end":{"line":7,"column":22}},"loc":{"start":{"line":7,"column":22},"end":{"line":9,"column":null}}}},"branchMap":{"0":{"loc":{"start":{"line":1,"column":32},"end":{"line":1,"column":null}},"type":"binary-expr","locations":[{"start":{"line":1,"column":32},"end":{"line":1,"column":null}},{"start":{"line":1,"column":32},"end":{"line":1,"column":null}}]},"1":{"loc":{"start":{"line":1,"column":32},"end":{"line":1,"column":null}},"type":"if","locations":[{"start":{"line":1,"column":32},"end":{"line":1,"column":null}}]},"2":{"loc":{"start":{"line":15,"column":7},"end":{"line":60,"column":null}},"type":"cond-expr","locations":[{"start":{"line":16,"column":8},"end":{"line":54,"column":null}},{"start":{"line":56,"column":8},"end":{"line":60,"column":null}}]}},"s":{"0":18,"1":4,"2":4,"3":4,"4":2,"5":4,"6":2,"7":2,"8":2},"f":{"0":2,"1":4,"2":2},"b":{"0":[4,2],"1":[2],"2":[2,2]}}
,"C:/Users/Emilia/Desktop/Avancera/Te/LAB3/frontend/src/components/OneMovie.tsx": {"path":"C:/Users/Emilia/Desktop/Avancera/Te/LAB3/frontend/src/components/OneMovie.tsx","statementMap":{},"fnMap":{},"branchMap":{},"s":{},"f":{},"b":{}}
,"C:/Users/Emilia/Desktop/Avancera/Te/LAB3/frontend/src/components/Random.tsx": {"path":"C:/Users/Emilia/Desktop/Avancera/Te/LAB3/frontend/src/components/Random.tsx","statementMap":{},"fnMap":{},"branchMap":{},"s":{},"f":{},"b":{}}
}
