{"C:/Users/Emilia/Desktop/Avancera/Te/LAB3/frontend/src/App.tsx": {"path":"C:/Users/Emilia/Desktop/Avancera/Te/LAB3/frontend/src/App.tsx","statementMap":{},"fnMap":{},"branchMap":{},"s":{},"f":{},"b":{}}
,"C:/Users/Emilia/Desktop/Avancera/Te/LAB3/frontend/src/Router.tsx": {"path":"C:/Users/Emilia/Desktop/Avancera/Te/LAB3/frontend/src/Router.tsx","statementMap":{},"fnMap":{},"branchMap":{},"s":{},"f":{},"b":{}}
,"C:/Users/Emilia/Desktop/Avancera/Te/LAB3/frontend/src/main.tsx": {"path":"C:/Users/Emilia/Desktop/Avancera/Te/LAB3/frontend/src/main.tsx","statementMap":{},"fnMap":{},"branchMap":{},"s":{},"f":{},"b":{}}
,"C:/Users/Emilia/Desktop/Avancera/Te/LAB3/frontend/src/components/Actors.tsx": {"path":"C:/Users/Emilia/Desktop/Avancera/Te/LAB3/frontend/src/components/Actors.tsx","statementMap":{},"fnMap":{},"branchMap":{},"s":{},"f":{},"b":{}}
,"C:/Users/Emilia/Desktop/Avancera/Te/LAB3/frontend/src/components/OneMovie.tsx": {"path":"C:/Users/Emilia/Desktop/Avancera/Te/LAB3/frontend/src/components/OneMovie.tsx","statementMap":{},"fnMap":{},"branchMap":{},"s":{},"f":{},"b":{}}
,"C:/Users/Emilia/Desktop/Avancera/Te/LAB3/frontend/src/components/Random.tsx": {"path":"C:/Users/Emilia/Desktop/Avancera/Te/LAB3/frontend/src/components/Random.tsx","statementMap":{"0":{"start":{"line":1,"column":36},"end":{"line":1,"column":null}},"1":{"start":{"line":1,"column":43},"end":{"line":1,"column":null}},"2":{"start":{"line":8,"column":18},"end":{"line":8,"column":null}},"3":{"start":{"line":9,"column":36},"end":{"line":9,"column":null}},"4":{"start":{"line":10,"column":30},"end":{"line":10,"column":null}},"5":{"start":{"line":11,"column":38},"end":{"line":11,"column":null}},"6":{"start":{"line":13,"column":2},"end":{"line":19,"column":null}},"7":{"start":{"line":14,"column":4},"end":{"line":18,"column":null}},"8":{"start":{"line":15,"column":26},"end":{"line":15,"column":41}},"9":{"start":{"line":17,"column":8},"end":{"line":17,"column":null}},"10":{"start":{"line":21,"column":20},"end":{"line":26,"column":null}},"11":{"start":{"line":22,"column":24},"end":{"line":22,"column":null}},"12":{"start":{"line":23,"column":28},"end":{"line":23,"column":null}},"13":{"start":{"line":24,"column":4},"end":{"line":24,"column":null}},"14":{"start":{"line":25,"column":4},"end":{"line":25,"column":null}},"15":{"start":{"line":28,"column":2},"end":{"line":46,"column":null}},"16":{"start":{"line":48,"column":1},"end":{"line":8,"column":18}},"17":{"start":{"line":8,"column":15},"end":{"line":null,"column":-1}},"18":{"start":{"line":49,"column":21},"end":{"line":49,"column":null}}},"fnMap":{"0":{"name":"(anonymous_0)","decl":{"start":{"line":1,"column":43},"end":{"line":1,"column":null}},"loc":{"start":{"line":1,"column":43},"end":{"line":1,"column":null}}},"1":{"name":"Random","decl":{"start":{"line":8,"column":9},"end":{"line":8,"column":15}},"loc":{"start":{"line":8,"column":18},"end":{"line":48,"column":1}}},"2":{"name":"(anonymous_2)","decl":{"start":{"line":13,"column":12},"end":{"line":13,"column":18}},"loc":{"start":{"line":13,"column":18},"end":{"line":19,"column":5}}},"3":{"name":"(anonymous_3)","decl":{"start":{"line":15,"column":12},"end":{"line":15,"column":13}},"loc":{"start":{"line":15,"column":26},"end":{"line":15,"column":41}}},"4":{"name":"(anonymous_4)","decl":{"start":{"line":16,"column":12},"end":{"line":16,"column":13}},"loc":{"start":{"line":16,"column":34},"end":{"line":18,"column":7}}},"5":{"name":"(anonymous_5)","decl":{"start":{"line":21,"column":20},"end":{"line":21,"column":26}},"loc":{"start":{"line":21,"column":26},"end":{"line":26,"column":null}}}},"branchMap":{"0":{"loc":{"start":{"line":1,"column":36},"end":{"line":1,"column":null}},"type":"binary-expr","locations":[{"start":{"line":1,"column":36},"end":{"line":1,"column":null}},{"start":{"line":1,"column":43},"end":{"line":1,"column":null}}]},"1":{"loc":{"start":{"line":1,"column":43},"end":{"line":1,"column":null}},"type":"if","locations":[{"start":{"line":1,"column":43},"end":{"line":1,"column":null}}]},"2":{"loc":{"start":{"line":1,"column":43},"end":{"line":1,"column":null}},"type":"binary-expr","locations":[{"start":{"line":1,"column":43},"end":{"line":1,"column":null}},{"start":{"line":1,"column":43},"end":{"line":1,"column":null}}]},"3":{"loc":{"start":{"line":39,"column":9},"end":{"line":43,"column":null}},"type":"binary-expr","locations":[{"start":{"line":39,"column":9},"end":{"line":39,"column":null}},{"start":{"line":40,"column":10},"end":{"line":43,"column":null}}]}},"s":{"0":2,"1":16,"2":10,"3":10,"4":10,"5":10,"6":10,"7":2,"8":2,"9":2,"10":10,"11":6,"12":6,"13":6,"14":6,"15":10,"16":2,"17":2,"18":2},"f":{"0":2,"1":10,"2":2,"3":2,"4":2,"5":6},"b":{"0":[2,0],"1":[2],"2":[2,2],"3":[10,6]}}
}
