TN:
SF:src\App.tsx
FNF:0
FNH:0
LF:0
LH:0
BRF:0
BRH:0
end_of_record
TN:
SF:src\Router.tsx
FNF:0
FNH:0
LF:0
LH:0
BRF:0
BRH:0
end_of_record
TN:
SF:src\main.tsx
FNF:0
FNH:0
LF:0
LH:0
BRF:0
BRH:0
end_of_record
TN:
SF:src\components\Actors.tsx
FN:1,(anonymous_0)
FN:4,Actors
FN:7,(anonymous_2)
FNF:3
FNH:3
FNDA:2,(anonymous_0)
FNDA:4,Actors
FNDA:2,(anonymous_2)
DA:1,18
DA:4,4
DA:5,4
DA:7,4
DA:8,2
DA:11,4
DA:64,2
DA:65,2
LF:8
LH:8
BRDA:1,0,0,4
BRDA:1,0,1,2
BRDA:1,1,0,2
BRDA:15,2,0,2
BRDA:15,2,1,2
BRF:5
BRH:5
end_of_record
TN:
SF:src\components\OneMovie.tsx
FNF:0
FNH:0
LF:0
LH:0
BRF:0
BRH:0
end_of_record
TN:
SF:src\components\Random.tsx
FNF:0
FNH:0
LF:0
LH:0
BRF:0
BRH:0
end_of_record
